Using pre-set license
Built from '2020.3/release' branch; Version is '2020.3.1f1 (77a89f25062f) revision 7841951'; Using compiler version '192528614'; Build Type 'Release'
OS: 'Windows 10 Pro; OS build 19042.867; Version 2009; 64bit' Language: 'en' Physical Memory: 7278 MB
BatchMode: 1, IsHumanControllingUs: 0, StartBugReporterOnCrash: 0, Is64bit: 1, IsPro: 0

 COMMAND LINE ARGUMENTS:
E:\[UNITY]\2020.3.1f1\Editor\Unity.exe
-adb2
-batchMode
-noUpm
-name
AssetImportWorker0
-projectPath
E:/Unity/Incremental Game
-logFile
Logs/AssetImportWorker0.log
-srvPort
49968
Successfully changed project path to: E:/Unity/Incremental Game
E:/Unity/Incremental Game
Using Asset Import Pipeline V2.
Refreshing native plugins compatible for Editor in 292.06 ms, found 1 plugins.
Preloading 0 native plugins for Editor in 0.00 ms.
Initialize engine version: 2020.3.1f1 (77a89f25062f)
[Subsystems] Discovering subsystems at path E:/[UNITY]/2020.3.1f1/Editor/Data/Resources/UnitySubsystems
[Subsystems] Discovering subsystems at path E:/Unity/Incremental Game/Assets
GfxDevice: creating device client; threaded=0
Direct3D:
    Version:  Direct3D 11.0 [level 11.1]
    Renderer: AMD Radeon(TM) R5 Graphics (ID=0x98e4)
    Vendor:   
    VRAM:     3639 MB
    Driver:   27.20.1034.6
Initialize mono
Mono path[0] = 'E:/[UNITY]/2020.3.1f1/Editor/Data/Managed'
Mono path[1] = 'E:/[UNITY]/2020.3.1f1/Editor/Data/MonoBleedingEdge/lib/mono/unityjit'
Mono config path = 'E:/[UNITY]/2020.3.1f1/Editor/Data/MonoBleedingEdge/etc'
Using monoOptions --debugger-agent=transport=dt_socket,embedding=1,server=y,suspend=n,address=127.0.0.1:56512
Begin MonoManager ReloadAssembly
Registering precompiled unity dll's ...
Register platform support module: E:/[UNITY]/2020.3.1f1/Editor/Data/PlaybackEngines/WindowsStandaloneSupport/UnityEditor.WindowsStandalone.Extensions.dll
Registered in 0.004656 seconds.
Native extension for WindowsStandalone target not found
Refreshing native plugins compatible for Editor in 205.99 ms, found 1 plugins.
Preloading 0 native plugins for Editor in 0.00 ms.
Invoked RoslynAnalysisRunner static constructor.
RoslynAnalysisRunner will not be running.
RoslynAnalysisRunner has terminated.
Mono: successfully reloaded assembly
- Completed reload, in  8.745 seconds
Platform modules already initialized, skipping
Registering precompiled user dll's ...
Registered in 0.003655 seconds.
Begin MonoManager ReloadAssembly
Native extension for WindowsStandalone target not found
Refreshing native plugins compatible for Editor in 94.80 ms, found 1 plugins.
Preloading 0 native plugins for Editor in 0.00 ms.
Invoked RoslynAnalysisRunner static constructor.
RoslynAnalysisRunner will not be running.
RoslynAnalysisRunner has terminated.
Mono: successfully reloaded assembly
- Completed reload, in  3.350 seconds
Platform modules already initialized, skipping
========================================================================
Worker process is ready to serve import requests
Launched and connected shader compiler UnityShaderCompiler.exe after 0.09 seconds
Refreshing native plugins compatible for Editor in 1.23 ms, found 1 plugins.
Preloading 0 native plugins for Editor in 0.00 ms.
Unloading 1811 Unused Serialized files (Serialized files now loaded: 0)
System memory in use before: 86.4 MB.
System memory in use after: 86.3 MB.

Unloading 24 unused Assets to reduce memory usage. Loaded Objects now: 2255.
Total: 8.594600 ms (FindLiveObjects: 0.582200 ms CreateObjectMapping: 0.345500 ms MarkObjects: 7.267100 ms  DeleteObjects: 0.395400 ms)

========================================================================
Received Import Request.
  path: Assets/Scripts/ResourceController.cs
  artifactKey: Guid(59636bf55659caf44a3c617826c8396c) Importer(815301076,1909f56bfc062723c751e8b465ee728b)
Start importing Assets/Scripts/ResourceController.cs using Guid(59636bf55659caf44a3c617826c8396c) Importer(815301076,1909f56bfc062723c751e8b465ee728b)  -> (artifact id: '5c0be94050f292c9dfbe1394d05bba35') in 0.048875 seconds
  Import took 0.175622 seconds .

========================================================================
Received Import Request.
  Time since last request: 74.897019 seconds.
  path: Assets/Prefabs/Resource UI.prefab
  artifactKey: Guid(7b48878b00733d643a4a16616aaf8256) Importer(815301076,1909f56bfc062723c751e8b465ee728b)
Start importing Assets/Prefabs/Resource UI.prefab using Guid(7b48878b00733d643a4a16616aaf8256) Importer(815301076,1909f56bfc062723c751e8b465ee728b)  -> (artifact id: '2e0b6cdf6fc7066483c638c70a163929') in 0.195765 seconds
  Import took 0.480690 seconds .

========================================================================
Received Import Request.
  Time since last request: 10.272798 seconds.
  path: Assets/Prefabs/Resource UI.prefab
  artifactKey: Guid(7b48878b00733d643a4a16616aaf8256) Importer(815301076,1909f56bfc062723c751e8b465ee728b)
Start importing Assets/Prefabs/Resource UI.prefab using Guid(7b48878b00733d643a4a16616aaf8256) Importer(815301076,1909f56bfc062723c751e8b465ee728b)  -> (artifact id: '85d51050fbeb22b1b5eb7ad924249c68') in 0.011473 seconds
  Import took 0.048910 seconds .

========================================================================
Received Import Request.
  Time since last request: 27.045557 seconds.
  path: Assets/Prefabs/Resource UI.prefab
  artifactKey: Guid(7b48878b00733d643a4a16616aaf8256) Importer(815301076,1909f56bfc062723c751e8b465ee728b)
Start importing Assets/Prefabs/Resource UI.prefab using Guid(7b48878b00733d643a4a16616aaf8256) Importer(815301076,1909f56bfc062723c751e8b465ee728b)  -> (artifact id: '82e7e2cf9b6bce0fcfbaf619635a58e7') in 0.017591 seconds
  Import took 0.049881 seconds .

========================================================================
Received Import Request.
  Time since last request: 13.476391 seconds.
  path: Assets/Scripts/GameManager.cs
  artifactKey: Guid(806110f0709e33445a87a1971b9a1dc2) Importer(815301076,1909f56bfc062723c751e8b465ee728b)
Start importing Assets/Scripts/GameManager.cs using Guid(806110f0709e33445a87a1971b9a1dc2) Importer(815301076,1909f56bfc062723c751e8b465ee728b)  -> (artifact id: 'c916eb120b48ca1124683104d6a41f7b') in 0.005108 seconds
  Import took 0.059270 seconds .

========================================================================
Received Import Request.
  Time since last request: 194.769674 seconds.
  path: Assets/Scenes/Incremental Game.unity
  artifactKey: Guid(2cda990e2423bbf4892e6590ba056729) Importer(815301076,1909f56bfc062723c751e8b465ee728b)
Start importing Assets/Scenes/Incremental Game.unity using Guid(2cda990e2423bbf4892e6590ba056729) Importer(815301076,1909f56bfc062723c751e8b465ee728b)  -> (artifact id: '854697ad7b33faf3054840703a537314') in 0.010685 seconds
  Import took 0.039954 seconds .

========================================================================
Received Prepare
Registering precompiled user dll's ...
Registered in 0.002696 seconds.
Begin MonoManager ReloadAssembly
Native extension for WindowsStandalone target not found
Refreshing native plugins compatible for Editor in 3.13 ms, found 1 plugins.
Preloading 0 native plugins for Editor in 0.00 ms.
Invoked RoslynAnalysisRunner static constructor.
RoslynAnalysisRunner will not be running.
RoslynAnalysisRunner has terminated.
Mono: successfully reloaded assembly
- Completed reload, in  4.131 seconds
Platform modules already initialized, skipping
Refreshing native plugins compatible for Editor in 1.42 ms, found 1 plugins.
Preloading 0 native plugins for Editor in 0.00 ms.
Unloading 1806 Unused Serialized files (Serialized files now loaded: 0)
System memory in use before: 86.4 MB.
System memory in use after: 86.4 MB.

Unloading 13 unused Assets to reduce memory usage. Loaded Objects now: 2261.
Total: 10.589900 ms (FindLiveObjects: 0.627800 ms CreateObjectMapping: 0.259200 ms MarkObjects: 9.354600 ms  DeleteObjects: 0.344200 ms)

========================================================================
Received Prepare
Registering precompiled user dll's ...
Registered in 0.006806 seconds.
Begin MonoManager ReloadAssembly
Native extension for WindowsStandalone target not found
Refreshing native plugins compatible for Editor in 0.97 ms, found 1 plugins.
Preloading 0 native plugins for Editor in 0.00 ms.
Invoked RoslynAnalysisRunner static constructor.
RoslynAnalysisRunner will not be running.
RoslynAnalysisRunner has terminated.
Mono: successfully reloaded assembly
- Completed reload, in  3.367 seconds
Platform modules already initialized, skipping
Refreshing native plugins compatible for Editor in 0.95 ms, found 1 plugins.
Preloading 0 native plugins for Editor in 0.00 ms.
Unloading 1806 Unused Serialized files (Serialized files now loaded: 0)
System memory in use before: 86.5 MB.
System memory in use after: 86.5 MB.

Unloading 12 unused Assets to reduce memory usage. Loaded Objects now: 2265.
Total: 6.470600 ms (FindLiveObjects: 0.584700 ms CreateObjectMapping: 0.124000 ms MarkObjects: 4.909700 ms  DeleteObjects: 0.847300 ms)

========================================================================
Received Import Request.
  Time since last request: 632.170344 seconds.
  path: Assets/Prefabs/Resource UI.prefab
  artifactKey: Guid(7b48878b00733d643a4a16616aaf8256) Importer(815301076,1909f56bfc062723c751e8b465ee728b)
Start importing Assets/Prefabs/Resource UI.prefab using Guid(7b48878b00733d643a4a16616aaf8256) Importer(815301076,1909f56bfc062723c751e8b465ee728b)  -> (artifact id: '082e87f4c6fb259bccefb1e9a866f83d') in 0.115951 seconds
  Import took 0.146322 seconds .

========================================================================
Received Import Request.
  Time since last request: 7.596154 seconds.
  path: Assets/Prefabs/Resource UI.prefab
  artifactKey: Guid(7b48878b00733d643a4a16616aaf8256) Importer(815301076,1909f56bfc062723c751e8b465ee728b)
Start importing Assets/Prefabs/Resource UI.prefab using Guid(7b48878b00733d643a4a16616aaf8256) Importer(815301076,1909f56bfc062723c751e8b465ee728b)  -> (artifact id: '20e4a1808d856d003f7d1c9e82ef42c8') in 0.012214 seconds
  Import took 0.030626 seconds .

========================================================================
Received Import Request.
  Time since last request: 36.748251 seconds.
  path: Assets/Prefabs/Resource UI.prefab
  artifactKey: Guid(7b48878b00733d643a4a16616aaf8256) Importer(815301076,1909f56bfc062723c751e8b465ee728b)
Start importing Assets/Prefabs/Resource UI.prefab using Guid(7b48878b00733d643a4a16616aaf8256) Importer(815301076,1909f56bfc062723c751e8b465ee728b)  -> (artifact id: 'ca759660de91992604dd99441a092aa8') in 0.008435 seconds
  Import took 0.015965 seconds .

========================================================================
Received Import Request.
  Time since last request: 7.270194 seconds.
  path: Assets/Prefabs/Resource UI.prefab
  artifactKey: Guid(7b48878b00733d643a4a16616aaf8256) Importer(815301076,1909f56bfc062723c751e8b465ee728b)
Start importing Assets/Prefabs/Resource UI.prefab using Guid(7b48878b00733d643a4a16616aaf8256) Importer(815301076,1909f56bfc062723c751e8b465ee728b)  -> (artifact id: '0fb0718631368c62627e8767c4c7631e') in 0.011734 seconds
  Import took 0.046834 seconds .

========================================================================
Received Import Request.
  Time since last request: 9.617031 seconds.
  path: Assets/Prefabs/Resource UI.prefab
  artifactKey: Guid(7b48878b00733d643a4a16616aaf8256) Importer(815301076,1909f56bfc062723c751e8b465ee728b)
Start importing Assets/Prefabs/Resource UI.prefab using Guid(7b48878b00733d643a4a16616aaf8256) Importer(815301076,1909f56bfc062723c751e8b465ee728b)  -> (artifact id: 'fd11ba5ae11cc599101b110772c77345') in 0.009011 seconds
  Import took 0.231118 seconds .

========================================================================
Received Import Request.
  Time since last request: 13.280770 seconds.
  path: Assets/Prefabs/Resource UI.prefab
  artifactKey: Guid(7b48878b00733d643a4a16616aaf8256) Importer(815301076,1909f56bfc062723c751e8b465ee728b)
Start importing Assets/Prefabs/Resource UI.prefab using Guid(7b48878b00733d643a4a16616aaf8256) Importer(815301076,1909f56bfc062723c751e8b465ee728b)  -> (artifact id: 'a98809037e9f3b7e7c404a99480e3fd7') in 0.010933 seconds
  Import took 0.051138 seconds .

========================================================================
Received Import Request.
  Time since last request: 36.745611 seconds.
  path: Assets/Prefabs/Resource UI.prefab
  artifactKey: Guid(7b48878b00733d643a4a16616aaf8256) Importer(815301076,1909f56bfc062723c751e8b465ee728b)
Start importing Assets/Prefabs/Resource UI.prefab using Guid(7b48878b00733d643a4a16616aaf8256) Importer(815301076,1909f56bfc062723c751e8b465ee728b)  -> (artifact id: '82c3bd41627d0668a16e5585dcf326ad') in 0.011797 seconds
  Import took 0.036467 seconds .

========================================================================
Received Import Request.
  Time since last request: 5.824048 seconds.
  path: Assets/Prefabs/Resource UI.prefab
  artifactKey: Guid(7b48878b00733d643a4a16616aaf8256) Importer(815301076,1909f56bfc062723c751e8b465ee728b)
Start importing Assets/Prefabs/Resource UI.prefab using Guid(7b48878b00733d643a4a16616aaf8256) Importer(815301076,1909f56bfc062723c751e8b465ee728b)  -> (artifact id: '9abe36fcb0f077ad547ba96949e43a53') in 0.027513 seconds
  Import took 0.051584 seconds .

========================================================================
Received Import Request.
  Time since last request: 8.750512 seconds.
  path: Assets/Prefabs/Resource UI.prefab
  artifactKey: Guid(7b48878b00733d643a4a16616aaf8256) Importer(815301076,1909f56bfc062723c751e8b465ee728b)
Start importing Assets/Prefabs/Resource UI.prefab using Guid(7b48878b00733d643a4a16616aaf8256) Importer(815301076,1909f56bfc062723c751e8b465ee728b)  -> (artifact id: '0236c1c1ad44892fe8d4a34e74799fb4') in 0.013523 seconds
  Import took 0.036551 seconds .

========================================================================
Received Import Request.
  Time since last request: 16.129007 seconds.
  path: Assets/Prefabs/Resource UI.prefab
  artifactKey: Guid(7b48878b00733d643a4a16616aaf8256) Importer(815301076,1909f56bfc062723c751e8b465ee728b)
Start importing Assets/Prefabs/Resource UI.prefab using Guid(7b48878b00733d643a4a16616aaf8256) Importer(815301076,1909f56bfc062723c751e8b465ee728b)  -> (artifact id: '5605857f3a296ebd81db0ddd3be9ae65') in 0.014648 seconds
  Import took 0.064801 seconds .

========================================================================
Received Import Request.
  Time since last request: 10.607482 seconds.
  path: Assets/Prefabs/Resource UI.prefab
  artifactKey: Guid(7b48878b00733d643a4a16616aaf8256) Importer(815301076,1909f56bfc062723c751e8b465ee728b)
Start importing Assets/Prefabs/Resource UI.prefab using Guid(7b48878b00733d643a4a16616aaf8256) Importer(815301076,1909f56bfc062723c751e8b465ee728b)  -> (artifact id: 'e7443aa4ec0edceedf9b78abe8d546ee') in 0.098161 seconds
  Import took 0.125235 seconds .

========================================================================
Received Import Request.
  Time since last request: 1.109637 seconds.
  path: Assets/Prefabs/Resource UI.prefab
  artifactKey: Guid(7b48878b00733d643a4a16616aaf8256) Importer(815301076,1909f56bfc062723c751e8b465ee728b)
Start importing Assets/Prefabs/Resource UI.prefab using Guid(7b48878b00733d643a4a16616aaf8256) Importer(815301076,1909f56bfc062723c751e8b465ee728b)  -> (artifact id: '0591b421fd14574a7002ee0b2fbdf46e') in 0.014193 seconds
  Import took 0.029375 seconds .

========================================================================
Received Import Request.
  Time since last request: 3.684429 seconds.
  path: Assets/Prefabs/Resource UI.prefab
  artifactKey: Guid(7b48878b00733d643a4a16616aaf8256) Importer(815301076,1909f56bfc062723c751e8b465ee728b)
Start importing Assets/Prefabs/Resource UI.prefab using Guid(7b48878b00733d643a4a16616aaf8256) Importer(815301076,1909f56bfc062723c751e8b465ee728b)  -> (artifact id: 'd9dcdfcfee17eec05d0e1d2c535e2ab9') in 0.011455 seconds
  Import took 0.024239 seconds .

========================================================================
Received Import Request.
  Time since last request: 10.211056 seconds.
  path: Assets/Prefabs/Resource UI.prefab
  artifactKey: Guid(7b48878b00733d643a4a16616aaf8256) Importer(815301076,1909f56bfc062723c751e8b465ee728b)
Start importing Assets/Prefabs/Resource UI.prefab using Guid(7b48878b00733d643a4a16616aaf8256) Importer(815301076,1909f56bfc062723c751e8b465ee728b)  -> (artifact id: '41e0b7cc163569ab4452423daf3cfff9') in 0.009039 seconds
  Import took 0.022744 seconds .

========================================================================
Received Prepare
Registering precompiled user dll's ...
Registered in 0.004307 seconds.
Begin MonoManager ReloadAssembly
Native extension for WindowsStandalone target not found
Refreshing native plugins compatible for Editor in 1.06 ms, found 1 plugins.
Preloading 0 native plugins for Editor in 0.00 ms.
Invoked RoslynAnalysisRunner static constructor.
RoslynAnalysisRunner will not be running.
RoslynAnalysisRunner has terminated.
Mono: successfully reloaded assembly
- Completed reload, in  3.267 seconds
Platform modules already initialized, skipping
Refreshing native plugins compatible for Editor in 1.12 ms, found 1 plugins.
Preloading 0 native plugins for Editor in 0.00 ms.
Unloading 1806 Unused Serialized files (Serialized files now loaded: 0)
System memory in use before: 86.5 MB.
System memory in use after: 86.5 MB.

Unloading 13 unused Assets to reduce memory usage. Loaded Objects now: 2269.
Total: 5.764600 ms (FindLiveObjects: 0.578500 ms CreateObjectMapping: 0.164400 ms MarkObjects: 4.653500 ms  DeleteObjects: 0.363300 ms)

========================================================================
Received Import Request.
  Time since last request: 80.137553 seconds.
  path: Assets/Prefabs/Resource UI.prefab
  artifactKey: Guid(7b48878b00733d643a4a16616aaf8256) Importer(815301076,1909f56bfc062723c751e8b465ee728b)
Start importing Assets/Prefabs/Resource UI.prefab using Guid(7b48878b00733d643a4a16616aaf8256) Importer(815301076,1909f56bfc062723c751e8b465ee728b)  -> (artifact id: '5d91890de553bb16826ecfca7e316af5') in 0.160118 seconds
  Import took 0.168786 seconds .

========================================================================
Received Import Request.
  Time since last request: 5.436548 seconds.
  path: Assets/Prefabs/Resource UI.prefab
  artifactKey: Guid(7b48878b00733d643a4a16616aaf8256) Importer(815301076,1909f56bfc062723c751e8b465ee728b)
Start importing Assets/Prefabs/Resource UI.prefab using Guid(7b48878b00733d643a4a16616aaf8256) Importer(815301076,1909f56bfc062723c751e8b465ee728b)  -> (artifact id: 'd6e3e773bbf9f9a107a0a9ed2bb47412') in 0.014582 seconds
  Import took 0.051630 seconds .

========================================================================
Received Import Request.
  Time since last request: 14.577875 seconds.
  path: Assets/Scenes/Incremental Game.unity
  artifactKey: Guid(2cda990e2423bbf4892e6590ba056729) Importer(815301076,1909f56bfc062723c751e8b465ee728b)
Start importing Assets/Scenes/Incremental Game.unity using Guid(2cda990e2423bbf4892e6590ba056729) Importer(815301076,1909f56bfc062723c751e8b465ee728b)  -> (artifact id: 'dcdf7d81d88004b26060b80ecab495a9') in 0.016213 seconds
  Import took 0.033264 seconds .

========================================================================
Received Prepare
Registering precompiled user dll's ...
Registered in 0.002086 seconds.
Begin MonoManager ReloadAssembly
Native extension for WindowsStandalone target not found
Refreshing native plugins compatible for Editor in 0.97 ms, found 1 plugins.
Preloading 0 native plugins for Editor in 0.00 ms.
Invoked RoslynAnalysisRunner static constructor.
RoslynAnalysisRunner will not be running.
RoslynAnalysisRunner has terminated.
Mono: successfully reloaded assembly
- Completed reload, in  3.529 seconds
Platform modules already initialized, skipping
Refreshing native plugins compatible for Editor in 1.08 ms, found 1 plugins.
Preloading 0 native plugins for Editor in 0.00 ms.
Unloading 1806 Unused Serialized files (Serialized files now loaded: 0)
System memory in use before: 86.5 MB.
System memory in use after: 86.5 MB.

Unloading 13 unused Assets to reduce memory usage. Loaded Objects now: 2273.
Total: 5.619500 ms (FindLiveObjects: 0.579500 ms CreateObjectMapping: 0.156400 ms MarkObjects: 4.578400 ms  DeleteObjects: 0.301400 ms)

========================================================================
Received Import Request.
  Time since last request: 30.653240 seconds.
  path: Assets/Prefabs/Resource UI.prefab
  artifactKey: Guid(7b48878b00733d643a4a16616aaf8256) Importer(815301076,1909f56bfc062723c751e8b465ee728b)
Start importing Assets/Prefabs/Resource UI.prefab using Guid(7b48878b00733d643a4a16616aaf8256) Importer(815301076,1909f56bfc062723c751e8b465ee728b)  -> (artifact id: '79583c44c08897ee13b47a9649535ff6') in 0.104091 seconds
  Import took 0.111491 seconds .

========================================================================
Received Import Request.
  Time since last request: 18.741116 seconds.
  path: Assets/Prefabs/Resource UI.prefab
  artifactKey: Guid(7b48878b00733d643a4a16616aaf8256) Importer(815301076,1909f56bfc062723c751e8b465ee728b)
Start importing Assets/Prefabs/Resource UI.prefab using Guid(7b48878b00733d643a4a16616aaf8256) Importer(815301076,1909f56bfc062723c751e8b465ee728b)  -> (artifact id: '0a9a5ce9a86952af98f2d927d503f07e') in 0.008311 seconds
  Import took 0.018154 seconds .

========================================================================
Received Prepare
Registering precompiled user dll's ...
Registered in 0.002148 seconds.
Begin MonoManager ReloadAssembly
Native extension for WindowsStandalone target not found
Refreshing native plugins compatible for Editor in 1.06 ms, found 1 plugins.
Preloading 0 native plugins for Editor in 0.00 ms.
Invoked RoslynAnalysisRunner static constructor.
RoslynAnalysisRunner will not be running.
RoslynAnalysisRunner has terminated.
Mono: successfully reloaded assembly
- Completed reload, in  3.050 seconds
Platform modules already initialized, skipping
Refreshing native plugins compatible for Editor in 0.95 ms, found 1 plugins.
Preloading 0 native plugins for Editor in 0.00 ms.
Unloading 1806 Unused Serialized files (Serialized files now loaded: 0)
System memory in use before: 86.5 MB.
System memory in use after: 86.5 MB.

Unloading 13 unused Assets to reduce memory usage. Loaded Objects now: 2277.
Total: 5.623200 ms (FindLiveObjects: 0.689800 ms CreateObjectMapping: 0.350500 ms MarkObjects: 4.275500 ms  DeleteObjects: 0.303900 ms)

========================================================================
Received Import Request.
  Time since last request: 120.132564 seconds.
  path: Assets/Prefabs/Resource UI.prefab
  artifactKey: Guid(7b48878b00733d643a4a16616aaf8256) Importer(815301076,1909f56bfc062723c751e8b465ee728b)
Start importing Assets/Prefabs/Resource UI.prefab using Guid(7b48878b00733d643a4a16616aaf8256) Importer(815301076,1909f56bfc062723c751e8b465ee728b)  -> (artifact id: 'c760a966ecb9e50cfa6eec9ff6b34310') in 0.113419 seconds
  Import took 0.142243 seconds .

========================================================================
Received Import Request.
  Time since last request: 9.238706 seconds.
  path: Assets/Prefabs/Resource UI.prefab
  artifactKey: Guid(7b48878b00733d643a4a16616aaf8256) Importer(815301076,1909f56bfc062723c751e8b465ee728b)
Start importing Assets/Prefabs/Resource UI.prefab using Guid(7b48878b00733d643a4a16616aaf8256) Importer(815301076,1909f56bfc062723c751e8b465ee728b)  -> (artifact id: '16bd9d802f09c921ca902ff5fb6c44a0') in 0.062836 seconds
  Import took 0.166468 seconds .

========================================================================
Received Import Request.
  Time since last request: 7.156275 seconds.
  path: Assets/Prefabs/Resource UI.prefab
  artifactKey: Guid(7b48878b00733d643a4a16616aaf8256) Importer(815301076,1909f56bfc062723c751e8b465ee728b)
Start importing Assets/Prefabs/Resource UI.prefab using Guid(7b48878b00733d643a4a16616aaf8256) Importer(815301076,1909f56bfc062723c751e8b465ee728b)  -> (artifact id: '8151607ec58cb512916aa4bc2c2c9051') in 0.160309 seconds
  Import took 0.244281 seconds .

========================================================================
Received Import Request.
  Time since last request: 10.073141 seconds.
  path: Assets/Prefabs/Resource UI.prefab
  artifactKey: Guid(7b48878b00733d643a4a16616aaf8256) Importer(815301076,1909f56bfc062723c751e8b465ee728b)
Start importing Assets/Prefabs/Resource UI.prefab using Guid(7b48878b00733d643a4a16616aaf8256) Importer(815301076,1909f56bfc062723c751e8b465ee728b)  -> (artifact id: '5176247765887e458af1fbc84cab04ca') in 0.014909 seconds
  Import took 0.036517 seconds .

========================================================================
Received Prepare
Registering precompiled user dll's ...
Registered in 0.001946 seconds.
Begin MonoManager ReloadAssembly
Native extension for WindowsStandalone target not found
Refreshing native plugins compatible for Editor in 1.03 ms, found 1 plugins.
Preloading 0 native plugins for Editor in 0.00 ms.
Invoked RoslynAnalysisRunner static constructor.
RoslynAnalysisRunner will not be running.
RoslynAnalysisRunner has terminated.
Mono: successfully reloaded assembly
- Completed reload, in  2.893 seconds
Platform modules already initialized, skipping
Refreshing native plugins compatible for Editor in 1.00 ms, found 1 plugins.
Preloading 0 native plugins for Editor in 0.00 ms.
Unloading 1806 Unused Serialized files (Serialized files now loaded: 0)
System memory in use before: 86.5 MB.
System memory in use after: 86.5 MB.

Unloading 13 unused Assets to reduce memory usage. Loaded Objects now: 2281.
Total: 6.462300 ms (FindLiveObjects: 0.597600 ms CreateObjectMapping: 0.188500 ms MarkObjects: 5.355100 ms  DeleteObjects: 0.317300 ms)

========================================================================
Received Prepare
Registering precompiled user dll's ...
Registered in 0.011337 seconds.
Begin MonoManager ReloadAssembly
Native extension for WindowsStandalone target not found
Refreshing native plugins compatible for Editor in 1.78 ms, found 1 plugins.
Preloading 0 native plugins for Editor in 0.00 ms.
Invoked RoslynAnalysisRunner static constructor.
RoslynAnalysisRunner will not be running.
RoslynAnalysisRunner has terminated.
Mono: successfully reloaded assembly
- Completed reload, in  5.996 seconds
Platform modules already initialized, skipping
Refreshing native plugins compatible for Editor in 1.32 ms, found 1 plugins.
Preloading 0 native plugins for Editor in 0.00 ms.
Unloading 1806 Unused Serialized files (Serialized files now loaded: 0)
System memory in use before: 86.5 MB.
System memory in use after: 86.5 MB.

Unloading 12 unused Assets to reduce memory usage. Loaded Objects now: 2285.
Total: 6.774000 ms (FindLiveObjects: 0.682300 ms CreateObjectMapping: 0.252700 ms MarkObjects: 4.271800 ms  DeleteObjects: 1.563400 ms)

========================================================================
Received Import Request.
  Time since last request: 390.413331 seconds.
  path: Assets/Prefabs/Resource UI.prefab
  artifactKey: Guid(7b48878b00733d643a4a16616aaf8256) Importer(815301076,1909f56bfc062723c751e8b465ee728b)
Start importing Assets/Prefabs/Resource UI.prefab using Guid(7b48878b00733d643a4a16616aaf8256) Importer(815301076,1909f56bfc062723c751e8b465ee728b)  -> (artifact id: 'e9622b2c180bfb3de983dd532682672b') in 0.330768 seconds
  Import took 0.339544 seconds .

========================================================================
Received Import Request.
  Time since last request: 15.048448 seconds.
  path: Assets/Prefabs/Resource UI.prefab
  artifactKey: Guid(7b48878b00733d643a4a16616aaf8256) Importer(815301076,1909f56bfc062723c751e8b465ee728b)
Start importing Assets/Prefabs/Resource UI.prefab using Guid(7b48878b00733d643a4a16616aaf8256) Importer(815301076,1909f56bfc062723c751e8b465ee728b)  -> (artifact id: '652dee85031905421b474a39572871b2') in 0.012177 seconds
  Import took 0.043852 seconds .

========================================================================
Received Import Request.
  Time since last request: 6.377578 seconds.
  path: Assets/Prefabs/Resource UI.prefab
  artifactKey: Guid(7b48878b00733d643a4a16616aaf8256) Importer(815301076,1909f56bfc062723c751e8b465ee728b)
Start importing Assets/Prefabs/Resource UI.prefab using Guid(7b48878b00733d643a4a16616aaf8256) Importer(815301076,1909f56bfc062723c751e8b465ee728b)  -> (artifact id: 'b92d6bffa4ecccf45bcbf03b7717b16e') in 0.019859 seconds
  Import took 0.043267 seconds .

========================================================================
Received Import Request.
  Time since last request: 4.166991 seconds.
  path: Assets/Scenes/Incremental Game.unity
  artifactKey: Guid(2cda990e2423bbf4892e6590ba056729) Importer(815301076,1909f56bfc062723c751e8b465ee728b)
Start importing Assets/Scenes/Incremental Game.unity using Guid(2cda990e2423bbf4892e6590ba056729) Importer(815301076,1909f56bfc062723c751e8b465ee728b)  -> (artifact id: 'fe4e2210fa936c54c6378310c9577005') in 0.004531 seconds
  Import took 0.120550 seconds .

========================================================================
Received Prepare
Registering precompiled user dll's ...
Registered in 0.017626 seconds.
Begin MonoManager ReloadAssembly
Native extension for WindowsStandalone target not found
Refreshing native plugins compatible for Editor in 4.40 ms, found 1 plugins.
Preloading 0 native plugins for Editor in 0.00 ms.
Invoked RoslynAnalysisRunner static constructor.
RoslynAnalysisRunner will not be running.
RoslynAnalysisRunner has terminated.
Mono: successfully reloaded assembly
- Completed reload, in 10.371 seconds
Platform modules already initialized, skipping
Refreshing native plugins compatible for Editor in 8.68 ms, found 1 plugins.
Preloading 0 native plugins for Editor in 0.00 ms.
Unloading 1806 Unused Serialized files (Serialized files now loaded: 0)
System memory in use before: 86.5 MB.
System memory in use after: 86.5 MB.

Unloading 13 unused Assets to reduce memory usage. Loaded Objects now: 2289.
Total: 28.029800 ms (FindLiveObjects: 4.172500 ms CreateObjectMapping: 6.555300 ms MarkObjects: 16.952000 ms  DeleteObjects: 0.342400 ms)

========================================================================
Received Prepare
Registering precompiled user dll's ...
Registered in 0.002327 seconds.
Begin MonoManager ReloadAssembly
Native extension for WindowsStandalone target not found
Refreshing native plugins compatible for Editor in 1.02 ms, found 1 plugins.
Preloading 0 native plugins for Editor in 0.00 ms.
Invoked RoslynAnalysisRunner static constructor.
RoslynAnalysisRunner will not be running.
RoslynAnalysisRunner has terminated.
Mono: successfully reloaded assembly
- Completed reload, in  3.313 seconds
Platform modules already initialized, skipping
Refreshing native plugins compatible for Editor in 0.99 ms, found 1 plugins.
Preloading 0 native plugins for Editor in 0.00 ms.
Unloading 1806 Unused Serialized files (Serialized files now loaded: 0)
System memory in use before: 86.5 MB.
System memory in use after: 86.5 MB.

Unloading 12 unused Assets to reduce memory usage. Loaded Objects now: 2293.
Total: 5.796900 ms (FindLiveObjects: 0.569300 ms CreateObjectMapping: 0.155000 ms MarkObjects: 4.776100 ms  DeleteObjects: 0.293700 ms)

========================================================================
Received Import Request.
  Time since last request: 126.344067 seconds.
  path: Assets/Prefabs/Resource UI.prefab
  artifactKey: Guid(7b48878b00733d643a4a16616aaf8256) Importer(815301076,1909f56bfc062723c751e8b465ee728b)
Start importing Assets/Prefabs/Resource UI.prefab using Guid(7b48878b00733d643a4a16616aaf8256) Importer(815301076,1909f56bfc062723c751e8b465ee728b)  -> (artifact id: 'e2f868c13e49860f6fb2b53d6f8ade97') in 0.176579 seconds
  Import took 0.186757 seconds .

========================================================================
Received Import Request.
  Time since last request: 4.317021 seconds.
  path: Assets/Prefabs/Resource UI.prefab
  artifactKey: Guid(7b48878b00733d643a4a16616aaf8256) Importer(815301076,1909f56bfc062723c751e8b465ee728b)
Start importing Assets/Prefabs/Resource UI.prefab using Guid(7b48878b00733d643a4a16616aaf8256) Importer(815301076,1909f56bfc062723c751e8b465ee728b)  -> (artifact id: '1d843dd834fd3fb14005d0418c58adba') in 0.049404 seconds
  Import took 0.072779 seconds .

========================================================================
Received Import Request.
  Time since last request: 3.964250 seconds.
  path: Assets/Prefabs/Resource UI.prefab
  artifactKey: Guid(7b48878b00733d643a4a16616aaf8256) Importer(815301076,1909f56bfc062723c751e8b465ee728b)
Start importing Assets/Prefabs/Resource UI.prefab using Guid(7b48878b00733d643a4a16616aaf8256) Importer(815301076,1909f56bfc062723c751e8b465ee728b)  -> (artifact id: '94a8d8bd42fcde14c13ed8cd86e76acb') in 0.154040 seconds
  Import took 0.178611 seconds .

========================================================================
Received Import Request.
  Time since last request: 2.725430 seconds.
  path: Assets/Prefabs/Resource UI.prefab
  artifactKey: Guid(7b48878b00733d643a4a16616aaf8256) Importer(815301076,1909f56bfc062723c751e8b465ee728b)
Start importing Assets/Prefabs/Resource UI.prefab using Guid(7b48878b00733d643a4a16616aaf8256) Importer(815301076,1909f56bfc062723c751e8b465ee728b)  -> (artifact id: '9f9fb724db70b73ce212cc91f5ada1ef') in 0.057820 seconds
  Import took 0.526932 seconds .

========================================================================
Received Import Request.
  Time since last request: 4.707057 seconds.
  path: Assets/Prefabs/Resource UI.prefab
  artifactKey: Guid(7b48878b00733d643a4a16616aaf8256) Importer(815301076,1909f56bfc062723c751e8b465ee728b)
Start importing Assets/Prefabs/Resource UI.prefab using Guid(7b48878b00733d643a4a16616aaf8256) Importer(815301076,1909f56bfc062723c751e8b465ee728b)  -> (artifact id: '68f8f995c569348242b1627a3865caac') in 0.033249 seconds
  Import took 0.066492 seconds .

========================================================================
Received Import Request.
  Time since last request: 5.953082 seconds.
  path: Assets/Scenes/Incremental Game.unity
  artifactKey: Guid(2cda990e2423bbf4892e6590ba056729) Importer(815301076,1909f56bfc062723c751e8b465ee728b)
Start importing Assets/Scenes/Incremental Game.unity using Guid(2cda990e2423bbf4892e6590ba056729) Importer(815301076,1909f56bfc062723c751e8b465ee728b)  -> (artifact id: '46ff596c49d50238b8d25b082586c8ae') in 0.006662 seconds
  Import took 0.030846 seconds .

========================================================================
Received Import Request.
  Time since last request: 0.005072 seconds.
  path: Assets/Scenes/Incremental Game.unity
  artifactKey: Guid(2cda990e2423bbf4892e6590ba056729) Importer(815301076,1909f56bfc062723c751e8b465ee728b)
Start importing Assets/Scenes/Incremental Game.unity using Guid(2cda990e2423bbf4892e6590ba056729) Importer(815301076,1909f56bfc062723c751e8b465ee728b)  -> (artifact id: '46ff596c49d50238b8d25b082586c8ae') in 0.006830 seconds
  Import took 0.017661 seconds .

========================================================================
Received Prepare
Registering precompiled user dll's ...
Registered in 0.001409 seconds.
Begin MonoManager ReloadAssembly
Native extension for WindowsStandalone target not found
Refreshing native plugins compatible for Editor in 1.54 ms, found 1 plugins.
Preloading 0 native plugins for Editor in 0.00 ms.
Invoked RoslynAnalysisRunner static constructor.
RoslynAnalysisRunner will not be running.
RoslynAnalysisRunner has terminated.
Mono: successfully reloaded assembly
- Completed reload, in  6.252 seconds
Platform modules already initialized, skipping
Refreshing native plugins compatible for Editor in 0.97 ms, found 1 plugins.
Preloading 0 native plugins for Editor in 0.00 ms.
Unloading 1806 Unused Serialized files (Serialized files now loaded: 0)
System memory in use before: 86.6 MB.
System memory in use after: 86.6 MB.

Unloading 13 unused Assets to reduce memory usage. Loaded Objects now: 2297.
Total: 6.428800 ms (FindLiveObjects: 0.577200 ms CreateObjectMapping: 0.221500 ms MarkObjects: 5.294400 ms  DeleteObjects: 0.332800 ms)

========================================================================
Received Prepare
Registering precompiled user dll's ...
Registered in 0.002468 seconds.
Begin MonoManager ReloadAssembly
Native extension for WindowsStandalone target not found
Refreshing native plugins compatible for Editor in 0.75 ms, found 1 plugins.
Preloading 0 native plugins for Editor in 0.00 ms.
Invoked RoslynAnalysisRunner static constructor.
RoslynAnalysisRunner will not be running.
RoslynAnalysisRunner has terminated.
Mono: successfully reloaded assembly
- Completed reload, in  5.286 seconds
Platform modules already initialized, skipping
Refreshing native plugins compatible for Editor in 1.55 ms, found 1 plugins.
Preloading 0 native plugins for Editor in 0.00 ms.
Unloading 1806 Unused Serialized files (Serialized files now loaded: 0)
System memory in use before: 86.6 MB.
System memory in use after: 86.6 MB.

Unloading 12 unused Assets to reduce memory usage. Loaded Objects now: 2301.
Total: 20.911100 ms (FindLiveObjects: 0.720400 ms CreateObjectMapping: 2.077600 ms MarkObjects: 13.596400 ms  DeleteObjects: 4.512300 ms)

